<?xml version="1.0"?><coverage lines-covered="1155" lines-valid="2055" line-rate="0.5620437956204379" branches-covered="0" branches-valid="0" branch-rate="0" complexity="0" version="1.9" timestamp="1767775785"><sources><source>/home/lucac/github/synql</source></sources><packages><package name="sql_relations/src/traits/same_as/triangular_same_as" line-rate="0.6896551724137931" branch-rate="0" complexity="0"><classes><class name="triangular_same_as_columns" filename="sql_relations/src/traits/same_as/triangular_same_as/triangular_same_as_columns.rs" line-rate="1" branch-rate="0" complexity="0"><methods/><lines><line number="14" hits="2"/><line number="15" hits="6"/><line number="19" hits="19"/><line number="23" hits="106"/></lines></class><class name="triangular_same_as_foreign_key" filename="sql_relations/src/traits/same_as/triangular_same_as/triangular_same_as_foreign_key.rs" line-rate="0.6923076923076923" branch-rate="0" complexity="0"><methods/><lines><line number="50" hits="0"/><line number="51" hits="0"/><line number="79" hits="0"/><line number="80" hits="0"/><line number="108" hits="1"/><line number="109" hits="2"/><line number="143" hits="16"/><line number="144" hits="48"/><line number="153" hits="0"/><line number="154" hits="0"/><line number="155" hits="0"/><line number="156" hits="0"/><line number="157" hits="0"/><line number="159" hits="0"/><line number="169" hits="2"/><line number="170" hits="4"/><line number="171" hits="0"/><line number="174" hits="6"/><line number="175" hits="0"/><line number="178" hits="6"/><line number="294" hits="17"/><line number="301" hits="85"/><line number="302" hits="2"/><line number="305" hits="60"/><line number="306" hits="60"/><line number="308" hits="45"/><line number="309" hits="0"/><line number="314" hits="60"/><line number="315" hits="6"/><line number="320" hits="27"/><line number="321" hits="27"/><line number="322" hits="9"/><line number="325" hits="18"/><line number="326" hits="4"/><line number="329" hits="25"/><line number="330" hits="25"/><line number="339" hits="20"/><line number="340" hits="15"/><line number="342" hits="25"/><line number="346" hits="25"/><line number="347" hits="0"/><line number="350" hits="5"/><line number="351" hits="20"/><line number="354" hits="25"/><line number="355" hits="0"/><line number="363" hits="10"/><line number="364" hits="15"/><line number="365" hits="15"/><line number="367" hits="5"/><line number="368" hits="5"/><line number="369" hits="5"/><line number="375" hits="0"/></lines></class><class name="triangular_same_as_table" filename="sql_relations/src/traits/same_as/triangular_same_as/triangular_same_as_table.rs" line-rate="0" branch-rate="0" complexity="0"><methods/><lines><line number="47" hits="0"/><line number="54" hits="0"/></lines></class></classes></package><package name="synql/src/structs/workspace" line-rate="0.855072463768116" branch-rate="0" complexity="0"><classes><class name="builder" filename="synql/src/structs/workspace/builder.rs" line-rate="0.9365079365079365" branch-rate="0" complexity="0"><methods/><lines><line number="24" hits="2"/><line number="26" hits="4"/><line number="27" hits="6"/><line number="28" hits="4"/><line number="29" hits="2"/><line number="30" hits="2"/><line number="50" hits="2"/><line number="51" hits="6"/><line number="52" hits="6"/><line number="53" hits="0"/><line number="55" hits="4"/><line number="56" hits="2"/><line number="63" hits="2"/><line number="64" hits="4"/><line number="65" hits="2"/><line number="74" hits="2"/><line number="75" hits="4"/><line number="76" hits="2"/><line number="85" hits="2"/><line number="86" hits="4"/><line number="87" hits="2"/><line number="94" hits="2"/><line number="95" hits="2"/><line number="96" hits="2"/><line number="103" hits="22"/><line number="104" hits="66"/><line number="105" hits="44"/><line number="107" hits="22"/><line number="111" hits="2"/><line number="112" hits="6"/><line number="116" hits="0"/><line number="117" hits="0"/><line number="121" hits="2"/><line number="122" hits="6"/><line number="126" hits="2"/><line number="127" hits="6"/><line number="131" hits="2"/><line number="132" hits="8"/><line number="136" hits="2"/><line number="137" hits="6"/><line number="141" hits="2"/><line number="142" hits="6"/><line number="146" hits="2"/><line number="147" hits="6"/><line number="151" hits="2"/><line number="152" hits="8"/><line number="156" hits="2"/><line number="157" hits="10"/><line number="161" hits="2"/><line number="162" hits="6"/><line number="166" hits="2"/><line number="167" hits="6"/><line number="174" hits="2"/><line number="178" hits="2"/><line number="179" hits="0"/><line number="181" hits="2"/><line number="186" hits="2"/><line number="188" hits="4"/><line number="189" hits="4"/><line number="190" hits="4"/><line number="191" hits="4"/><line number="192" hits="2"/><line number="193" hits="2"/></lines></class><class name="core_types" filename="synql/src/structs/workspace/core_types.rs" line-rate="0" branch-rate="0" complexity="0"><methods/><lines><line number="9" hits="0"/><line number="10" hits="0"/><line number="16" hits="0"/><line number="17" hits="0"/><line number="23" hits="0"/><line number="24" hits="0"/></lines></class></classes></package><package name="sql_relations/src/traits/same_as/horizontal_same_as" line-rate="0.4230769230769231" branch-rate="0" complexity="0"><classes><class name="horizontal_same_as_column" filename="sql_relations/src/traits/same_as/horizontal_same_as/horizontal_same_as_column.rs" line-rate="0.6" branch-rate="0" complexity="0"><methods/><lines><line number="53" hits="17"/><line number="58" hits="87"/><line number="59" hits="14"/><line number="95" hits="0"/><line number="96" hits="0"/></lines></class><class name="horizontal_same_as_foreign_key" filename="sql_relations/src/traits/same_as/horizontal_same_as/horizontal_same_as_foreign_key.rs" line-rate="0.35294117647058826" branch-rate="0" complexity="0"><methods/><lines><line number="56" hits="38"/><line number="57" hits="114"/><line number="58" hits="0"/><line number="61" hits="114"/><line number="62" hits="20"/><line number="63" hits="20"/><line number="64" hits="20"/><line number="125" hits="0"/><line number="133" hits="0"/><line number="134" hits="0"/><line number="137" hits="0"/><line number="138" hits="0"/><line number="139" hits="0"/><line number="141" hits="0"/><line number="142" hits="0"/><line number="143" hits="0"/><line number="145" hits="0"/></lines></class><class name="horizontal_same_as_table" filename="sql_relations/src/traits/same_as/horizontal_same_as/horizontal_same_as_table.rs" line-rate="0.5" branch-rate="0" complexity="0"><methods/><lines><line number="49" hits="22"/><line number="56" hits="175"/><line number="91" hits="0"/><line number="92" hits="0"/></lines></class></classes></package><package name="synql/src/structs/synql" line-rate="0.5294117647058824" branch-rate="0" complexity="0"><classes><class name="builder" filename="synql/src/structs/synql/builder.rs" line-rate="0.45161290322580644" branch-rate="0" complexity="0"><methods/><lines><line number="30" hits="2"/><line number="37" hits="4"/><line number="38" hits="4"/><line number="43" hits="2"/><line number="44" hits="2"/><line number="51" hits="0"/><line number="52" hits="0"/><line number="53" hits="0"/><line number="59" hits="0"/><line number="60" hits="0"/><line number="61" hits="0"/><line number="67" hits="2"/><line number="68" hits="4"/><line number="69" hits="2"/><line number="75" hits="0"/><line number="76" hits="0"/><line number="77" hits="0"/><line number="83" hits="0"/><line number="84" hits="0"/><line number="85" hits="0"/><line number="91" hits="2"/><line number="92" hits="2"/><line number="93" hits="2"/><line number="99" hits="0"/><line number="100" hits="0"/><line number="101" hits="0"/><line number="107" hits="0"/><line number="108" hits="0"/><line number="109" hits="0"/><line number="114" hits="0"/><line number="118" hits="0"/><line number="119" hits="0"/><line number="121" hits="0"/><line number="127" hits="2"/><line number="128" hits="2"/><line number="129" hits="2"/><line number="135" hits="0"/><line number="136" hits="0"/><line number="137" hits="0"/><line number="145" hits="0"/><line number="146" hits="0"/><line number="147" hits="0"/><line number="149" hits="0"/><line number="157" hits="0"/><line number="162" hits="0"/><line number="163" hits="0"/><line number="164" hits="0"/><line number="167" hits="0"/><line number="172" hits="2"/><line number="174" hits="4"/><line number="175" hits="4"/><line number="176" hits="4"/><line number="177" hits="4"/><line number="178" hits="4"/><line number="179" hits="4"/><line number="180" hits="4"/><line number="181" hits="4"/><line number="182" hits="4"/><line number="183" hits="4"/><line number="184" hits="4"/><line number="185" hits="2"/><line number="186" hits="2"/></lines></class><class name="write_crate_lib" filename="synql/src/structs/synql/write_crate_lib.rs" line-rate="0.6617647058823529" branch-rate="0" complexity="0"><methods/><lines><line number="14" hits="7"/><line number="20" hits="28"/><line number="21" hits="14"/><line number="22" hits="14"/><line number="24" hits="14"/><line number="25" hits="21"/><line number="27" hits="35"/><line number="28" hits="21"/><line number="29" hits="21"/><line number="30" hits="21"/><line number="31" hits="14"/><line number="32" hits="14"/><line number="33" hits="14"/><line number="34" hits="7"/><line number="35" hits="14"/><line number="37" hits="14"/><line number="38" hits="28"/><line number="39" hits="7"/><line number="40" hits="9"/><line number="42" hits="7"/><line number="43" hits="12"/><line number="44" hits="16"/><line number="45" hits="4"/><line number="48" hits="6"/><line number="49" hits="0"/><line number="55" hits="14"/><line number="56" hits="23"/><line number="57" hits="2"/><line number="58" hits="2"/><line number="63" hits="14"/><line number="64" hits="35"/><line number="65" hits="7"/><line number="66" hits="14"/><line number="68" hits="0"/><line number="69" hits="0"/><line number="70" hits="0"/><line number="71" hits="0"/><line number="77" hits="28"/><line number="78" hits="2"/><line number="79" hits="2"/><line number="82" hits="5"/><line number="85" hits="14"/><line number="86" hits="0"/><line number="87" hits="0"/><line number="90" hits="7"/><line number="93" hits="35"/><line number="94" hits="28"/><line number="95" hits="35"/><line number="96" hits="35"/><line number="98" hits="14"/><line number="99" hits="0"/><line number="100" hits="0"/><line number="102" hits="0"/><line number="103" hits="0"/><line number="104" hits="0"/><line number="105" hits="0"/><line number="106" hits="0"/><line number="107" hits="0"/><line number="108" hits="0"/><line number="109" hits="0"/><line number="110" hits="0"/><line number="111" hits="0"/><line number="112" hits="0"/><line number="114" hits="0"/><line number="115" hits="0"/><line number="116" hits="0"/><line number="119" hits="14"/><line number="121" hits="7"/></lines></class><class name="write_crate_toml" filename="synql/src/structs/synql/write_crate_toml.rs" line-rate="0.9459459459459459" branch-rate="0" complexity="0"><methods/><lines><line number="13" hits="7"/><line number="18" hits="21"/><line number="19" hits="21"/><line number="20" hits="28"/><line number="21" hits="28"/><line number="23" hits="7"/><line number="24" hits="7"/><line number="33" hits="14"/><line number="34" hits="14"/><line number="35" hits="14"/><line number="36" hits="14"/><line number="40" hits="21"/><line number="41" hits="4"/><line number="46" hits="39"/><line number="47" hits="33"/><line number="48" hits="11"/><line number="49" hits="11"/><line number="50" hits="8"/><line number="51" hits="1"/><line number="52" hits="1"/><line number="54" hits="10"/><line number="56" hits="2"/><line number="60" hits="14"/><line number="61" hits="14"/><line number="63" hits="28"/><line number="65" hits="7"/><line number="66" hits="14"/><line number="68" hits="14"/><line number="70" hits="7"/><line number="71" hits="0"/><line number="73" hits="21"/><line number="74" hits="0"/><line number="76" hits="28"/><line number="77" hits="14"/><line number="81" hits="14"/><line number="82" hits="14"/><line number="84" hits="7"/></lines></class><class name="write_sink_crate_lib" filename="synql/src/structs/synql/write_sink_crate_lib.rs" line-rate="0" branch-rate="0" complexity="0"><methods/><lines><line number="13" hits="0"/><line number="20" hits="0"/><line number="21" hits="0"/><line number="23" hits="0"/><line number="24" hits="0"/><line number="26" hits="0"/><line number="30" hits="0"/><line number="31" hits="0"/><line number="32" hits="0"/><line number="33" hits="0"/><line number="35" hits="0"/><line number="36" hits="0"/><line number="37" hits="0"/><line number="38" hits="0"/><line number="39" hits="0"/><line number="40" hits="0"/><line number="41" hits="0"/><line number="45" hits="0"/><line number="46" hits="0"/><line number="48" hits="0"/><line number="51" hits="0"/><line number="53" hits="0"/></lines></class><class name="write_sink_crate_toml" filename="synql/src/structs/synql/write_sink_crate_toml.rs" line-rate="0" branch-rate="0" complexity="0"><methods/><lines><line number="11" hits="0"/><line number="17" hits="0"/><line number="18" hits="0"/><line number="19" hits="0"/><line number="21" hits="0"/><line number="22" hits="0"/><line number="31" hits="0"/><line number="33" hits="0"/><line number="34" hits="0"/><line number="35" hits="0"/><line number="37" hits="0"/><line number="38" hits="0"/><line number="42" hits="0"/><line number="43" hits="0"/><line number="45" hits="0"/></lines></class></classes></package><package name="synql/src" line-rate="0.5641438539989264" branch-rate="0" complexity="0"><classes></classes></package><package name="synql/src/structs/external_crate/core_crate" line-rate="1" branch-rate="0" complexity="0"><classes><class name="numeric" filename="synql/src/structs/external_crate/core_crate/numeric.rs" line-rate="1" branch-rate="0" complexity="0"><methods/><lines><line number="8" hits="2"/><line number="10" hits="4"/><line number="11" hits="4"/><line number="12" hits="4"/><line number="13" hits="4"/><line number="14" hits="4"/><line number="15" hits="4"/><line number="16" hits="2"/><line number="17" hits="2"/><line number="24" hits="2"/><line number="25" hits="6"/><line number="26" hits="4"/><line number="38" hits="2"/><line number="39" hits="6"/><line number="40" hits="6"/><line number="52" hits="2"/><line number="53" hits="6"/><line number="54" hits="6"/><line number="66" hits="2"/><line number="67" hits="6"/><line number="68" hits="4"/><line number="80" hits="2"/><line number="81" hits="6"/><line number="82" hits="4"/><line number="94" hits="2"/><line number="95" hits="6"/><line number="96" hits="4"/><line number="108" hits="2"/><line number="109" hits="6"/><line number="110" hits="4"/><line number="122" hits="2"/><line number="123" hits="6"/><line number="124" hits="4"/></lines></class></classes></package><package name="synql/src/utils" line-rate="0.8" branch-rate="0" complexity="0"><classes><class name="is_reserved_rust_word" filename="synql/src/utils/is_reserved_rust_word.rs" line-rate="0.8" branch-rate="0" complexity="0"><methods/><lines><line number="15" hits="103"/><line number="16" hits="103"/><line number="17" hits="10094"/><line number="18" hits="0"/><line number="20" hits="309"/><line number="29" hits="17"/><line number="30" hits="17"/><line number="31" hits="34"/><line number="32" hits="0"/><line number="34" hits="51"/></lines></class></classes></package><package name="synql/tests" line-rate="0" branch-rate="0" complexity="0"><classes></classes></package><package name="sql_relations/src/impls" line-rate="0" branch-rate="0" complexity="0"><classes><class name="sqlparser" filename="sql_relations/src/impls/sqlparser.rs" line-rate="0" branch-rate="0" complexity="0"><methods/><lines><line number="9" hits="0"/><line number="10" hits="0"/></lines></class></classes></package><package name="sql_relations/src/traits/same_as" line-rate="0.6419753086419753" branch-rate="0" complexity="0"><classes><class name="same_as_index" filename="sql_relations/src/traits/same_as/same_as_index.rs" line-rate="1" branch-rate="0" complexity="0"><methods/><lines><line number="56" hits="53"/><line number="58" hits="265"/><line number="62" hits="53"/><line number="63" hits="265"/><line number="65" hits="159"/><line number="66" hits="43"/><line number="71" hits="50"/></lines></class><class name="same_as_table" filename="sql_relations/src/traits/same_as/same_as_table.rs" line-rate="0" branch-rate="0" complexity="0"><methods/><lines><line number="43" hits="0"/><line number="50" hits="0"/></lines></class></classes></package><package name="synql/src/structs/external_crate" line-rate="0.8116710875331565" branch-rate="0" complexity="0"><classes><class name="builder" filename="synql/src/structs/external_crate/builder.rs" line-rate="0.8392857142857143" branch-rate="0" complexity="0"><methods/><lines><line number="25" hits="22"/><line number="26" hits="88"/><line number="27" hits="0"/><line number="29" hits="22"/><line number="30" hits="66"/><line number="31" hits="44"/><line number="32" hits="44"/><line number="33" hits="44"/><line number="34" hits="22"/><line number="35" hits="22"/><line number="56" hits="0"/><line number="57" hits="0"/><line number="58" hits="0"/><line number="60" hits="0"/><line number="61" hits="0"/><line number="66" hits="0"/><line number="69" hits="0"/><line number="80" hits="70"/><line number="84" hits="324"/><line number="85" hits="2666"/><line number="86" hits="0"/><line number="89" hits="210"/><line number="90" hits="70"/><line number="97" hits="14"/><line number="101" hits="84"/><line number="102" hits="280"/><line number="104" hits="14"/><line number="108" hits="4"/><line number="109" hits="8"/><line number="110" hits="4"/><line number="114" hits="14"/><line number="115" hits="56"/><line number="116" hits="14"/><line number="123" hits="20"/><line number="124" hits="60"/><line number="125" hits="60"/><line number="126" hits="40"/><line number="128" hits="20"/><line number="135" hits="12"/><line number="140" hits="48"/><line number="141" hits="54"/><line number="143" hits="12"/><line number="152" hits="6"/><line number="153" hits="18"/><line number="154" hits="6"/><line number="161" hits="2"/><line number="165" hits="14"/><line number="166" hits="18"/><line number="168" hits="2"/><line number="173" hits="22"/><line number="175" hits="44"/><line number="176" hits="44"/><line number="177" hits="44"/><line number="178" hits="44"/><line number="179" hits="22"/><line number="180" hits="22"/></lines></class><class name="chrono_crate" filename="synql/src/structs/external_crate/chrono_crate.rs" line-rate="0" branch-rate="0" complexity="0"><methods/><lines><line number="9" hits="0"/><line number="10" hits="0"/><line number="14" hits="0"/><line number="15" hits="0"/><line number="16" hits="0"/><line number="17" hits="0"/><line number="19" hits="0"/><line number="20" hits="0"/><line number="21" hits="0"/><line number="22" hits="0"/><line number="23" hits="0"/><line number="24" hits="0"/><line number="25" hits="0"/><line number="26" hits="0"/><line number="27" hits="0"/><line number="28" hits="0"/><line number="30" hits="0"/><line number="31" hits="0"/><line number="32" hits="0"/><line number="33" hits="0"/><line number="34" hits="0"/><line number="35" hits="0"/><line number="36" hits="0"/><line number="37" hits="0"/><line number="38" hits="0"/><line number="39" hits="0"/><line number="41" hits="0"/><line number="42" hits="0"/><line number="43" hits="0"/><line number="44" hits="0"/><line number="45" hits="0"/><line number="46" hits="0"/><line number="47" hits="0"/><line number="48" hits="0"/><line number="49" hits="0"/><line number="50" hits="0"/><line number="52" hits="0"/><line number="53" hits="0"/><line number="54" hits="0"/><line number="55" hits="0"/><line number="56" hits="0"/><line number="57" hits="0"/><line number="58" hits="0"/><line number="59" hits="0"/><line number="60" hits="0"/><line number="61" hits="0"/><line number="63" hits="0"/><line number="64" hits="0"/><line number="65" hits="0"/><line number="66" hits="0"/><line number="67" hits="0"/><line number="68" hits="0"/><line number="69" hits="0"/></lines></class><class name="core_crate" filename="synql/src/structs/external_crate/core_crate.rs" line-rate="1" branch-rate="0" complexity="0"><methods/><lines><line number="9" hits="2"/><line number="10" hits="14"/></lines></class><class name="diesel_builders" filename="synql/src/structs/external_crate/diesel_builders.rs" line-rate="0.75" branch-rate="0" complexity="0"><methods/><lines><line number="10" hits="2"/><line number="11" hits="2"/><line number="12" hits="2"/><line number="13" hits="0"/><line number="14" hits="0"/><line number="22" hits="2"/><line number="23" hits="4"/><line number="25" hits="6"/></lines></class><class name="diesel_crate" filename="synql/src/structs/external_crate/diesel_crate.rs" line-rate="0.7666666666666667" branch-rate="0" complexity="0"><methods/><lines><line number="25" hits="2"/><line number="26" hits="2"/><line number="27" hits="4"/><line number="28" hits="0"/><line number="29" hits="0"/><line number="30" hits="0"/><line number="31" hits="0"/><line number="39" hits="2"/><line number="40" hits="2"/><line number="41" hits="2"/><line number="42" hits="0"/><line number="43" hits="0"/><line number="44" hits="0"/><line number="52" hits="2"/><line number="53" hits="4"/><line number="56" hits="6"/><line number="58" hits="4"/><line number="59" hits="4"/><line number="60" hits="4"/><line number="61" hits="4"/><line number="63" hits="4"/><line number="64" hits="4"/><line number="65" hits="4"/><line number="66" hits="4"/><line number="67" hits="4"/><line number="68" hits="4"/><line number="69" hits="4"/><line number="70" hits="4"/><line number="71" hits="2"/><line number="73" hits="2"/></lines></class><class name="pgrx_validation" filename="synql/src/structs/external_crate/pgrx_validation.rs" line-rate="1" branch-rate="0" complexity="0"><methods/><lines><line number="10" hits="2"/><line number="11" hits="4"/><line number="13" hits="4"/><line number="14" hits="4"/><line number="15" hits="4"/><line number="16" hits="4"/><line number="18" hits="4"/><line number="19" hits="4"/><line number="20" hits="4"/><line number="22" hits="4"/><line number="23" hits="2"/><line number="24" hits="2"/></lines></class><class name="postgis_diesel_crate" filename="synql/src/structs/external_crate/postgis_diesel_crate.rs" line-rate="1" branch-rate="0" complexity="0"><methods/><lines><line number="10" hits="2"/><line number="11" hits="4"/><line number="13" hits="6"/><line number="14" hits="4"/><line number="15" hits="4"/><line number="16" hits="4"/><line number="17" hits="4"/><line number="18" hits="4"/><line number="19" hits="4"/><line number="20" hits="4"/><line number="21" hits="4"/><line number="22" hits="2"/><line number="23" hits="2"/><line number="32" hits="2"/><line number="34" hits="2"/><line number="35" hits="2"/><line number="37" hits="4"/><line number="46" hits="2"/><line number="48" hits="2"/><line number="49" hits="2"/><line number="59" hits="2"/><line number="61" hits="2"/><line number="62" hits="2"/><line number="72" hits="2"/><line number="74" hits="2"/><line number="75" hits="2"/><line number="85" hits="2"/><line number="87" hits="2"/><line number="88" hits="2"/><line number="98" hits="2"/><line number="100" hits="2"/><line number="101" hits="2"/><line number="111" hits="2"/><line number="113" hits="2"/><line number="114" hits="2"/><line number="124" hits="2"/><line number="126" hits="2"/><line number="127" hits="2"/><line number="139" hits="2"/><line number="141" hits="2"/><line number="142" hits="2"/></lines></class><class name="rosetta_timestamp" filename="synql/src/structs/external_crate/rosetta_timestamp.rs" line-rate="1" branch-rate="0" complexity="0"><methods/><lines><line number="10" hits="2"/><line number="11" hits="4"/><line number="14" hits="4"/><line number="15" hits="6"/><line number="16" hits="4"/><line number="17" hits="4"/><line number="19" hits="6"/><line number="20" hits="4"/><line number="21" hits="4"/><line number="22" hits="4"/><line number="23" hits="4"/><line number="24" hits="4"/><line number="25" hits="2"/><line number="26" hits="2"/></lines></class><class name="rosetta_uuid_crate" filename="synql/src/structs/external_crate/rosetta_uuid_crate.rs" line-rate="1" branch-rate="0" complexity="0"><methods/><lines><line number="10" hits="2"/><line number="11" hits="4"/><line number="14" hits="4"/><line number="15" hits="6"/><line number="16" hits="4"/><line number="17" hits="4"/><line number="19" hits="4"/><line number="20" hits="4"/><line number="21" hits="4"/><line number="22" hits="4"/><line number="23" hits="4"/><line number="24" hits="2"/><line number="25" hits="2"/></lines></class><class name="serde" filename="synql/src/structs/external_crate/serde.rs" line-rate="1" branch-rate="0" complexity="0"><methods/><lines><line number="9" hits="2"/><line number="10" hits="16"/></lines></class><class name="serde_json" filename="synql/src/structs/external_crate/serde_json.rs" line-rate="1" branch-rate="0" complexity="0"><methods/><lines><line number="10" hits="2"/><line number="11" hits="4"/><line number="14" hits="4"/><line number="15" hits="4"/><line number="16" hits="4"/><line number="17" hits="4"/><line number="19" hits="6"/><line number="20" hits="4"/><line number="21" hits="4"/><line number="22" hits="4"/><line number="23" hits="4"/><line number="24" hits="4"/><line number="25" hits="4"/><line number="26" hits="4"/><line number="27" hits="4"/><line number="28" hits="4"/><line number="30" hits="6"/><line number="31" hits="4"/><line number="32" hits="4"/><line number="33" hits="4"/><line number="34" hits="4"/><line number="35" hits="2"/><line number="36" hits="2"/></lines></class><class name="std_crate" filename="synql/src/structs/external_crate/std_crate.rs" line-rate="1" branch-rate="0" complexity="0"><methods/><lines><line number="8" hits="2"/><line number="9" hits="4"/><line number="11" hits="4"/><line number="12" hits="4"/><line number="13" hits="4"/><line number="14" hits="4"/><line number="15" hits="4"/><line number="16" hits="4"/><line number="17" hits="4"/><line number="18" hits="4"/><line number="19" hits="4"/><line number="20" hits="4"/><line number="21" hits="4"/><line number="22" hits="2"/><line number="23" hits="2"/><line number="33" hits="2"/><line number="34" hits="6"/><line number="35" hits="4"/><line number="36" hits="2"/><line number="37" hits="4"/><line number="38" hits="4"/><line number="39" hits="4"/><line number="40" hits="4"/><line number="41" hits="4"/><line number="42" hits="4"/><line number="43" hits="4"/><line number="44" hits="4"/><line number="45" hits="4"/><line number="46" hits="2"/><line number="47" hits="2"/><line number="60" hits="2"/><line number="61" hits="6"/><line number="62" hits="4"/><line number="74" hits="2"/><line number="76" hits="2"/><line number="77" hits="2"/><line number="79" hits="6"/><line number="91" hits="2"/><line number="93" hits="2"/><line number="94" hits="2"/><line number="96" hits="6"/><line number="108" hits="2"/><line number="110" hits="2"/><line number="111" hits="2"/><line number="113" hits="8"/><line number="125" hits="2"/><line number="127" hits="2"/><line number="128" hits="2"/><line number="130" hits="4"/><line number="142" hits="2"/><line number="144" hits="2"/><line number="145" hits="2"/><line number="147" hits="4"/><line number="159" hits="2"/><line number="161" hits="2"/><line number="162" hits="2"/><line number="164" hits="4"/><line number="176" hits="2"/><line number="178" hits="2"/><line number="179" hits="2"/><line number="181" hits="4"/><line number="182" hits="2"/><line number="183" hits="4"/><line number="184" hits="4"/><line number="185" hits="4"/><line number="186" hits="4"/><line number="187" hits="4"/><line number="188" hits="2"/><line number="189" hits="2"/><line number="202" hits="2"/><line number="204" hits="2"/><line number="205" hits="2"/><line number="207" hits="4"/><line number="219" hits="2"/><line number="221" hits="2"/><line number="222" hits="2"/><line number="224" hits="4"/><line number="236" hits="2"/><line number="238" hits="2"/><line number="239" hits="2"/><line number="241" hits="4"/><line number="242" hits="2"/><line number="243" hits="4"/><line number="244" hits="4"/><line number="245" hits="4"/><line number="246" hits="4"/><line number="247" hits="2"/><line number="248" hits="2"/></lines></class><class name="validation_errors" filename="synql/src/structs/external_crate/validation_errors.rs" line-rate="1" branch-rate="0" complexity="0"><methods/><lines><line number="8" hits="2"/><line number="9" hits="4"/></lines></class></classes></package><package name="sql_relations/src/traits/same_as/vertical_same_as" line-rate="0.6666666666666666" branch-rate="0" complexity="0"><classes><class name="vertical_same_as_column" filename="sql_relations/src/traits/same_as/vertical_same_as/vertical_same_as_column.rs" line-rate="0.7142857142857143" branch-rate="0" complexity="0"><methods/><lines><line number="50" hits="45"/><line number="55" hits="225"/><line number="56" hits="0"/><line number="96" hits="17"/><line number="100" hits="51"/><line number="101" hits="17"/><line number="146" hits="28"/><line number="150" hits="56"/><line number="151" hits="0"/><line number="152" hits="112"/><line number="154" hits="0"/><line number="155" hits="0"/><line number="156" hits="0"/><line number="157" hits="0"/><line number="159" hits="28"/><line number="203" hits="17"/><line number="207" hits="34"/><line number="208" hits="102"/><line number="213" hits="51"/><line number="214" hits="34"/><line number="216" hits="17"/><line number="217" hits="17"/><line number="219" hits="68"/><line number="220" hits="34"/><line number="221" hits="51"/><line number="222" hits="34"/><line number="224" hits="34"/><line number="225" hits="17"/><line number="226" hits="24"/><line number="227" hits="32"/><line number="228" hits="33"/><line number="230" hits="33"/><line number="231" hits="0"/><line number="234" hits="33"/><line number="235" hits="22"/><line number="237" hits="11"/><line number="242" hits="11"/><line number="243" hits="0"/><line number="244" hits="0"/><line number="245" hits="0"/><line number="254" hits="22"/><line number="255" hits="0"/><line number="256" hits="0"/><line number="257" hits="0"/><line number="258" hits="0"/><line number="267" hits="34"/><line number="269" hits="17"/><line number="271" hits="17"/><line number="273" hits="17"/></lines></class><class name="vertical_same_as_foreign_key" filename="sql_relations/src/traits/same_as/vertical_same_as/vertical_same_as_foreign_key.rs" line-rate="0.5625" branch-rate="0" complexity="0"><methods/><lines><line number="59" hits="53"/><line number="60" hits="106"/><line number="61" hits="23"/><line number="64" hits="120"/><line number="65" hits="120"/><line number="67" hits="90"/><line number="68" hits="15"/><line number="71" hits="45"/><line number="72" hits="0"/><line number="75" hits="45"/><line number="111" hits="0"/><line number="116" hits="0"/><line number="117" hits="0"/><line number="119" hits="0"/><line number="120" hits="0"/><line number="121" hits="0"/></lines></class><class name="vertical_same_as_table" filename="sql_relations/src/traits/same_as/vertical_same_as/vertical_same_as_table.rs" line-rate="0.5" branch-rate="0" complexity="0"><methods/><lines><line number="44" hits="45"/><line number="51" hits="288"/><line number="88" hits="0"/><line number="89" hits="0"/></lines></class></classes></package><package name="synql/src/traits" line-rate="0.3967254408060453" branch-rate="0" complexity="0"><classes><class name="check_constraint" filename="synql/src/traits/check_constraint.rs" line-rate="0.8823529411764706" branch-rate="0" complexity="0"><methods/><lines><line number="31" hits="6"/><line number="37" hits="12"/><line number="38" hits="30"/><line number="40" hits="18"/><line number="42" hits="30"/><line number="43" hits="24"/><line number="46" hits="12"/><line number="47" hits="12"/><line number="48" hits="36"/><line number="51" hits="12"/><line number="52" hits="6"/><line number="54" hits="8"/><line number="56" hits="12"/><line number="58" hits="16"/><line number="59" hits="4"/><line number="60" hits="0"/><line number="61" hits="0"/></lines></class><class name="column" filename="synql/src/traits/column.rs" line-rate="0.6318181818181818" branch-rate="0" complexity="0"><methods/><lines><line number="41" hits="1"/><line number="42" hits="3"/><line number="43" hits="1"/><line number="45" hits="5"/><line number="51" hits="0"/><line number="52" hits="0"/><line number="53" hits="0"/><line number="54" hits="0"/><line number="74" hits="56"/><line number="75" hits="112"/><line number="95" hits="2"/><line number="96" hits="4"/><line number="115" hits="52"/><line number="116" hits="156"/><line number="117" hits="104"/><line number="118" hits="3"/><line number="120" hits="153"/><line number="140" hits="2"/><line number="141" hits="4"/><line number="159" hits="1"/><line number="160" hits="3"/><line number="168" hits="188"/><line number="173" hits="752"/><line number="177" hits="0"/><line number="178" hits="0"/><line number="179" hits="0"/><line number="180" hits="0"/><line number="181" hits="0"/><line number="183" hits="0"/><line number="188" hits="0"/><line number="189" hits="0"/><line number="190" hits="0"/><line number="191" hits="0"/><line number="192" hits="0"/><line number="194" hits="0"/><line number="204" hits="0"/><line number="205" hits="0"/><line number="206" hits="0"/><line number="207" hits="0"/><line number="217" hits="147"/><line number="223" hits="441"/><line number="224" hits="588"/><line number="225" hits="0"/><line number="230" hits="17"/><line number="235" hits="34"/><line number="236" hits="51"/><line number="237" hits="0"/><line number="238" hits="0"/><line number="239" hits="0"/><line number="240" hits="0"/><line number="241" hits="0"/><line number="242" hits="0"/><line number="245" hits="17"/><line number="310" hits="17"/><line number="315" hits="34"/><line number="316" hits="52"/><line number="317" hits="3"/><line number="318" hits="0"/><line number="321" hits="4"/><line number="322" hits="3"/><line number="323" hits="4"/><line number="324" hits="2"/><line number="326" hits="4"/><line number="327" hits="1"/><line number="328" hits="0"/><line number="331" hits="0"/><line number="332" hits="0"/><line number="336" hits="17"/><line number="355" hits="17"/><line number="360" hits="79"/><line number="362" hits="2"/><line number="364" hits="17"/><line number="365" hits="13"/><line number="367" hits="8"/><line number="368" hits="0"/><line number="369" hits="0"/><line number="370" hits="0"/><line number="371" hits="0"/><line number="375" hits="6"/><line number="376" hits="4"/><line number="377" hits="0"/><line number="379" hits="0"/><line number="380" hits="4"/><line number="381" hits="0"/><line number="383" hits="0"/><line number="386" hits="0"/><line number="388" hits="2"/><line number="389" hits="0"/><line number="391" hits="0"/><line number="392" hits="0"/><line number="394" hits="4"/><line number="395" hits="0"/><line number="397" hits="4"/><line number="398" hits="2"/><line number="400" hits="0"/><line number="401" hits="0"/><line number="415" hits="0"/><line number="419" hits="2"/><line number="420" hits="2"/><line number="425" hits="5"/><line number="430" hits="10"/><line number="431" hits="25"/><line number="432" hits="21"/><line number="433" hits="12"/><line number="434" hits="2"/><line number="436" hits="12"/><line number="437" hits="0"/><line number="440" hits="8"/><line number="441" hits="20"/><line number="442" hits="24"/><line number="443" hits="0"/><line number="444" hits="0"/><line number="447" hits="4"/><line number="448" hits="0"/><line number="451" hits="28"/><line number="453" hits="5"/><line number="457" hits="5"/><line number="462" hits="10"/><line number="463" hits="21"/><line number="464" hits="12"/><line number="465" hits="4"/><line number="467" hits="14"/><line number="469" hits="5"/><line number="480" hits="5"/><line number="485" hits="20"/><line number="486" hits="15"/><line number="487" hits="10"/><line number="488" hits="15"/><line number="489" hits="5"/><line number="490" hits="0"/><line number="491" hits="0"/><line number="492" hits="0"/><line number="494" hits="15"/><line number="496" hits="5"/><line number="497" hits="20"/><line number="498" hits="25"/><line number="500" hits="15"/><line number="501" hits="3"/><line number="503" hits="2"/><line number="504" hits="0"/><line number="505" hits="0"/><line number="506" hits="0"/><line number="507" hits="0"/><line number="508" hits="0"/><line number="513" hits="15"/><line number="514" hits="1"/><line number="516" hits="12"/><line number="517" hits="3"/><line number="519" hits="1"/><line number="520" hits="1"/><line number="521" hits="1"/><line number="526" hits="4"/><line number="527" hits="0"/><line number="528" hits="0"/><line number="529" hits="0"/><line number="530" hits="0"/><line number="531" hits="0"/><line number="532" hits="0"/><line number="537" hits="5"/><line number="538" hits="5"/><line number="539" hits="5"/><line number="541" hits="5"/><line number="543" hits="5"/><line number="544" hits="5"/><line number="550" hits="17"/><line number="555" hits="51"/><line number="556" hits="68"/><line number="557" hits="0"/><line number="559" hits="0"/><line number="560" hits="0"/><line number="563" hits="34"/><line number="566" hits="34"/><line number="567" hits="51"/><line number="568" hits="17"/><line number="569" hits="0"/><line number="570" hits="0"/><line number="571" hits="0"/><line number="573" hits="34"/><line number="574" hits="34"/><line number="575" hits="17"/><line number="576" hits="34"/><line number="577" hits="17"/><line number="578" hits="0"/><line number="579" hits="34"/><line number="580" hits="51"/><line number="583" hits="51"/><line number="584" hits="51"/><line number="585" hits="34"/><line number="586" hits="53"/><line number="587" hits="2"/><line number="588" hits="2"/><line number="594" hits="17"/><line number="595" hits="68"/><line number="599" hits="17"/><line number="600" hits="68"/><line number="604" hits="17"/><line number="605" hits="68"/><line number="608" hits="85"/><line number="611" hits="51"/><line number="612" hits="24"/><line number="613" hits="12"/><line number="614" hits="24"/><line number="615" hits="12"/><line number="616" hits="8"/><line number="618" hits="2"/><line number="619" hits="2"/><line number="622" hits="15"/><line number="625" hits="68"/><line number="626" hits="5"/><line number="628" hits="24"/><line number="631" hits="17"/><line number="632" hits="0"/><line number="633" hits="0"/><line number="634" hits="0"/><line number="635" hits="0"/><line number="636" hits="0"/><line number="637" hits="0"/><line number="638" hits="0"/><line number="639" hits="0"/><line number="640" hits="0"/></lines></class><class name="foreign_key" filename="synql/src/traits/foreign_key.rs" line-rate="0.8888888888888888" branch-rate="0" complexity="0"><methods/><lines><line number="17" hits="5"/><line number="18" hits="20"/><line number="19" hits="20"/><line number="20" hits="25"/><line number="21" hits="10"/><line number="22" hits="10"/><line number="23" hits="10"/><line number="24" hits="15"/><line number="25" hits="5"/><line number="28" hits="10"/><line number="29" hits="10"/><line number="30" hits="10"/><line number="31" hits="15"/><line number="32" hits="15"/><line number="33" hits="0"/><line number="35" hits="5"/><line number="39" hits="5"/><line number="40" hits="0"/></lines></class><class name="function" filename="synql/src/traits/function.rs" line-rate="0" branch-rate="0" complexity="0"><methods/><lines><line number="20" hits="0"/><line number="25" hits="0"/><line number="27" hits="0"/><line number="36" hits="0"/><line number="41" hits="0"/><line number="42" hits="0"/><line number="49" hits="0"/><line number="53" hits="0"/></lines></class><class name="table" filename="synql/src/traits/table.rs" line-rate="0.9072164948453608" branch-rate="0" complexity="0"><methods/><lines><line number="43" hits="67"/><line number="44" hits="335"/><line number="53" hits="11"/><line number="55" hits="33"/><line number="56" hits="11"/><line number="66" hits="21"/><line number="67" hits="63"/><line number="69" hits="63"/><line number="70" hits="63"/><line number="79" hits="14"/><line number="80" hits="70"/><line number="84" hits="19"/><line number="85" hits="57"/><line number="86" hits="38"/><line number="87" hits="0"/><line number="89" hits="57"/><line number="108" hits="101"/><line number="109" hits="202"/><line number="127" hits="2"/><line number="128" hits="6"/><line number="129" hits="4"/><line number="153" hits="9"/><line number="154" hits="18"/><line number="172" hits="22"/><line number="173" hits="66"/><line number="174" hits="44"/><line number="175" hits="3"/><line number="177" hits="63"/><line number="196" hits="1"/><line number="197" hits="3"/><line number="198" hits="2"/><line number="199" hits="0"/><line number="201" hits="3"/><line number="220" hits="2"/><line number="221" hits="4"/><line number="239" hits="9"/><line number="240" hits="36"/><line number="241" hits="9"/><line number="258" hits="1"/><line number="259" hits="3"/><line number="260" hits="2"/><line number="261" hits="0"/><line number="263" hits="3"/><line number="281" hits="8"/><line number="282" hits="24"/><line number="283" hits="16"/><line number="284" hits="0"/><line number="286" hits="24"/><line number="291" hits="0"/><line number="295" hits="0"/><line number="296" hits="0"/><line number="301" hits="7"/><line number="306" hits="14"/><line number="307" hits="38"/><line number="308" hits="85"/><line number="309" hits="51"/><line number="312" hits="25"/><line number="313" hits="12"/><line number="314" hits="0"/><line number="315" hits="0"/><line number="319" hits="7"/><line number="320" hits="14"/><line number="321" hits="7"/><line number="329" hits="7"/><line number="330" hits="14"/><line number="331" hits="70"/><line number="332" hits="126"/><line number="333" hits="63"/><line number="334" hits="798"/><line number="336" hits="177"/><line number="339" hits="7"/><line number="352" hits="7"/><line number="357" hits="14"/><line number="358" hits="38"/><line number="359" hits="85"/><line number="360" hits="51"/><line number="362" hits="7"/><line number="376" hits="7"/><line number="377" hits="14"/><line number="378" hits="30"/><line number="381" hits="27"/><line number="382" hits="7"/><line number="384" hits="10"/><line number="386" hits="7"/><line number="396" hits="7"/><line number="401" hits="14"/><line number="402" hits="28"/><line number="403" hits="21"/><line number="404" hits="21"/><line number="405" hits="18"/><line number="407" hits="2"/><line number="409" hits="30"/><line number="411" hits="7"/><line number="425" hits="7"/><line number="430" hits="21"/><line number="431" hits="58"/><line number="432" hits="27"/></lines></class><class name="unique_index" filename="synql/src/traits/unique_index.rs" line-rate="0.8571428571428571" branch-rate="0" complexity="0"><methods/><lines><line number="15" hits="2"/><line number="16" hits="8"/><line number="17" hits="2"/><line number="18" hits="19"/><line number="19" hits="3"/><line number="21" hits="2"/><line number="22" hits="0"/></lines></class></classes></package><package name="synql/src/structs" line-rate="0.6874409820585458" branch-rate="0" complexity="0"><classes><class name="external_crate" filename="synql/src/structs/external_crate.rs" line-rate="0.6666666666666666" branch-rate="0" complexity="0"><methods/><lines><line number="49" hits="17"/><line number="50" hits="34"/><line number="55" hits="0"/><line number="56" hits="0"/><line number="63" hits="22"/><line number="64" hits="44"/><line number="70" hits="52"/><line number="71" hits="52"/><line number="77" hits="22"/><line number="78" hits="80"/><line number="84" hits="18"/><line number="85" hits="36"/><line number="92" hits="18"/><line number="93" hits="110"/><line number="99" hits="18"/><line number="100" hits="18"/><line number="108" hits="0"/><line number="109" hits="0"/><line number="111" hits="0"/><line number="112" hits="0"/><line number="114" hits="0"/><line number="123" hits="0"/><line number="124" hits="0"/><line number="133" hits="409"/><line number="134" hits="409"/><line number="136" hits="3139"/><line number="137" hits="973"/></lines></class><class name="external_function" filename="synql/src/structs/external_function.rs" line-rate="0.25" branch-rate="0" complexity="0"><methods/><lines><line number="19" hits="6"/><line number="20" hits="12"/><line number="26" hits="0"/><line number="27" hits="0"/><line number="33" hits="0"/><line number="34" hits="0"/><line number="39" hits="0"/><line number="40" hits="0"/></lines></class><class name="external_function_ref" filename="synql/src/structs/external_function_ref.rs" line-rate="0" branch-rate="0" complexity="0"><methods/><lines><line number="21" hits="0"/><line number="31" hits="0"/><line number="32" hits="0"/><line number="38" hits="0"/><line number="39" hits="0"/><line number="45" hits="0"/><line number="46" hits="0"/><line number="51" hits="0"/><line number="52" hits="0"/></lines></class><class name="external_type" filename="synql/src/structs/external_type.rs" line-rate="0.19672131147540983" branch-rate="0" complexity="0"><methods/><lines><line number="32" hits="70"/><line number="33" hits="210"/><line number="39" hits="17"/><line number="40" hits="17"/><line number="46" hits="22"/><line number="47" hits="22"/><line number="53" hits="70"/><line number="54" hits="70"/><line number="59" hits="0"/><line number="60" hits="0"/><line number="70" hits="147"/><line number="71" hits="441"/><line number="80" hits="1676"/><line number="81" hits="19261"/><line number="85" hits="0"/><line number="86" hits="0"/><line number="89" hits="0"/><line number="91" hits="0"/><line number="92" hits="0"/><line number="96" hits="0"/><line number="97" hits="0"/><line number="98" hits="0"/><line number="100" hits="0"/><line number="101" hits="0"/><line number="102" hits="0"/><line number="107" hits="0"/><line number="108" hits="0"/><line number="109" hits="0"/><line number="111" hits="0"/><line number="112" hits="0"/><line number="113" hits="0"/><line number="115" hits="0"/><line number="116" hits="0"/><line number="117" hits="0"/><line number="119" hits="0"/><line number="120" hits="0"/><line number="121" hits="0"/><line number="123" hits="0"/><line number="124" hits="0"/><line number="125" hits="0"/><line number="127" hits="0"/><line number="128" hits="0"/><line number="129" hits="0"/><line number="131" hits="0"/><line number="132" hits="0"/><line number="133" hits="0"/><line number="135" hits="0"/><line number="136" hits="0"/><line number="137" hits="0"/><line number="139" hits="0"/><line number="140" hits="0"/><line number="141" hits="0"/><line number="143" hits="0"/><line number="144" hits="0"/><line number="145" hits="0"/><line number="148" hits="0"/><line number="155" hits="0"/><line number="156" hits="0"/><line number="161" hits="0"/><line number="162" hits="0"/><line number="163" hits="0"/></lines></class><class name="external_type_ref" filename="synql/src/structs/external_type_ref.rs" line-rate="0.35135135135135137" branch-rate="0" complexity="0"><methods/><lines><line number="16" hits="188"/><line number="26" hits="23"/><line number="27" hits="23"/><line number="33" hits="17"/><line number="34" hits="17"/><line number="40" hits="22"/><line number="41" hits="22"/><line number="47" hits="17"/><line number="48" hits="17"/><line number="54" hits="0"/><line number="55" hits="0"/><line number="61" hits="0"/><line number="62" hits="0"/><line number="69" hits="0"/><line number="70" hits="0"/><line number="79" hits="147"/><line number="80" hits="441"/><line number="85" hits="0"/><line number="86" hits="0"/><line number="91" hits="0"/><line number="92" hits="0"/><line number="97" hits="2"/><line number="98" hits="2"/><line number="103" hits="0"/><line number="104" hits="0"/><line number="109" hits="0"/><line number="110" hits="0"/><line number="115" hits="0"/><line number="116" hits="0"/><line number="120" hits="0"/><line number="121" hits="0"/><line number="126" hits="0"/><line number="127" hits="0"/><line number="132" hits="0"/><line number="133" hits="0"/><line number="138" hits="0"/><line number="139" hits="0"/></lines></class><class name="synql" filename="synql/src/structs/synql.rs" line-rate="0.7913669064748201" branch-rate="0" complexity="0"><methods/><lines><line number="55" hits="2"/><line number="56" hits="8"/><line number="62" hits="2"/><line number="67" hits="8"/><line number="70" hits="35"/><line number="71" hits="35"/><line number="72" hits="0"/><line number="73" hits="0"/><line number="76" hits="35"/><line number="84" hits="2"/><line number="87" hits="6"/><line number="88" hits="6"/><line number="91" hits="4"/><line number="92" hits="4"/><line number="95" hits="4"/><line number="96" hits="4"/><line number="98" hits="2"/><line number="99" hits="0"/><line number="100" hits="0"/><line number="102" hits="0"/><line number="103" hits="0"/><line number="106" hits="11"/><line number="107" hits="21"/><line number="108" hits="0"/><line number="110" hits="7"/><line number="111" hits="10"/><line number="114" hits="28"/><line number="115" hits="7"/><line number="118" hits="2"/><line number="119" hits="0"/><line number="120" hits="0"/><line number="122" hits="0"/><line number="125" hits="4"/><line number="126" hits="4"/><line number="129" hits="4"/><line number="130" hits="4"/><line number="131" hits="4"/><line number="134" hits="4"/><line number="137" hits="11"/><line number="138" hits="21"/><line number="139" hits="0"/><line number="141" hits="7"/><line number="142" hits="7"/><line number="144" hits="21"/><line number="145" hits="14"/><line number="150" hits="26"/><line number="151" hits="22"/><line number="152" hits="4"/><line number="155" hits="54"/><line number="156" hits="36"/><line number="158" hits="36"/><line number="160" hits="26"/><line number="161" hits="8"/><line number="164" hits="60"/><line number="165" hits="56"/><line number="166" hits="28"/><line number="169" hits="54"/><line number="170" hits="18"/><line number="171" hits="10"/><line number="172" hits="80"/><line number="173" hits="30"/><line number="176" hits="72"/><line number="177" hits="36"/><line number="179" hits="4"/><line number="182" hits="4"/><line number="183" hits="4"/><line number="184" hits="4"/><line number="185" hits="4"/><line number="186" hits="4"/><line number="187" hits="4"/><line number="188" hits="4"/><line number="189" hits="4"/><line number="190" hits="4"/><line number="191" hits="4"/><line number="194" hits="4"/><line number="195" hits="4"/><line number="196" hits="4"/><line number="197" hits="4"/><line number="198" hits="4"/><line number="199" hits="4"/><line number="200" hits="4"/><line number="201" hits="4"/><line number="202" hits="4"/><line number="204" hits="2"/><line number="212" hits="2"/><line number="213" hits="6"/><line number="214" hits="2"/><line number="216" hits="9"/><line number="217" hits="21"/><line number="218" hits="0"/><line number="220" hits="14"/><line number="227" hits="6"/><line number="228" hits="6"/><line number="229" hits="6"/><line number="230" hits="8"/><line number="232" hits="6"/><line number="240" hits="4"/><line number="241" hits="4"/><line number="243" hits="8"/><line number="244" hits="4"/><line number="247" hits="2"/><line number="249" hits="0"/><line number="252" hits="0"/><line number="253" hits="0"/><line number="254" hits="0"/><line number="255" hits="0"/><line number="256" hits="0"/><line number="258" hits="0"/><line number="264" hits="6"/><line number="266" hits="11"/><line number="267" hits="21"/><line number="268" hits="0"/><line number="272" hits="28"/><line number="273" hits="14"/><line number="275" hits="21"/><line number="276" hits="28"/><line number="277" hits="21"/><line number="278" hits="21"/><line number="279" hits="28"/><line number="280" hits="21"/><line number="283" hits="2"/><line number="284" hits="0"/><line number="285" hits="0"/><line number="286" hits="0"/><line number="288" hits="0"/><line number="289" hits="0"/><line number="290" hits="0"/><line number="292" hits="0"/><line number="293" hits="0"/><line number="294" hits="0"/><line number="297" hits="2"/><line number="298" hits="6"/><line number="299" hits="6"/><line number="300" hits="6"/><line number="303" hits="2"/><line number="304" hits="6"/><line number="305" hits="4"/><line number="306" hits="6"/><line number="309" hits="2"/></lines></class><class name="workspace" filename="synql/src/structs/workspace.rs" line-rate="0.7291666666666666" branch-rate="0" complexity="0"><methods/><lines><line number="33" hits="2"/><line number="34" hits="2"/><line number="40" hits="7"/><line number="41" hits="7"/><line number="47" hits="0"/><line number="48" hits="0"/><line number="54" hits="21"/><line number="55" hits="21"/><line number="61" hits="35"/><line number="62" hits="35"/><line number="68" hits="67"/><line number="69" hits="67"/><line number="78" hits="188"/><line number="79" hits="597"/><line number="80" hits="1006"/><line number="81" hits="188"/><line number="84" hits="0"/><line number="93" hits="0"/><line number="94" hits="0"/><line number="95" hits="0"/><line number="96" hits="0"/><line number="99" hits="0"/><line number="109" hits="0"/><line number="110" hits="0"/><line number="111" hits="0"/><line number="112" hits="0"/><line number="115" hits="0"/><line number="120" hits="2"/><line number="121" hits="2"/><line number="129" hits="2"/><line number="132" hits="4"/><line number="133" hits="6"/><line number="135" hits="4"/><line number="136" hits="4"/><line number="137" hits="4"/><line number="138" hits="4"/><line number="139" hits="4"/><line number="140" hits="4"/><line number="141" hits="4"/><line number="142" hits="4"/><line number="143" hits="4"/><line number="144" hits="4"/><line number="145" hits="4"/><line number="146" hits="4"/><line number="147" hits="4"/><line number="148" hits="4"/><line number="149" hits="4"/><line number="151" hits="2"/></lines></class></classes></package><package name="synql/src/structs/external_type" line-rate="0.8125" branch-rate="0" complexity="0"><classes><class name="builder" filename="synql/src/structs/external_type/builder.rs" line-rate="0.9615384615384616" branch-rate="0" complexity="0"><methods/><lines><line number="25" hits="70"/><line number="26" hits="210"/><line number="51" hits="184"/><line number="55" hits="368"/><line number="56" hits="0"/><line number="58" hits="368"/><line number="59" hits="0"/><line number="61" hits="552"/><line number="62" hits="184"/><line number="66" hits="24"/><line number="67" hits="72"/><line number="68" hits="72"/><line number="69" hits="24"/><line number="73" hits="44"/><line number="74" hits="132"/><line number="75" hits="44"/><line number="79" hits="38"/><line number="80" hits="114"/><line number="81" hits="38"/><line number="85" hits="40"/><line number="86" hits="120"/><line number="87" hits="120"/><line number="88" hits="40"/><line number="92" hits="36"/><line number="93" hits="108"/><line number="94" hits="36"/><line number="98" hits="48"/><line number="99" hits="144"/><line number="100" hits="144"/><line number="101" hits="48"/><line number="105" hits="10"/><line number="106" hits="30"/><line number="107" hits="30"/><line number="108" hits="10"/><line number="112" hits="36"/><line number="113" hits="108"/><line number="114" hits="108"/><line number="115" hits="108"/><line number="116" hits="108"/><line number="117" hits="36"/><line number="121" hits="68"/><line number="122" hits="204"/><line number="123" hits="68"/><line number="135" hits="48"/><line number="139" hits="212"/><line number="140" hits="656"/><line number="142" hits="48"/><line number="147" hits="70"/><line number="149" hits="140"/><line number="150" hits="140"/><line number="151" hits="70"/><line number="152" hits="70"/></lines></class><class name="traits_mask" filename="synql/src/structs/external_type/traits_mask.rs" line-rate="0.5357142857142857" branch-rate="0" complexity="0"><methods/><lines><line number="41" hits="0"/><line number="42" hits="0"/><line number="47" hits="0"/><line number="48" hits="0"/><line number="49" hits="0"/><line number="50" hits="0"/><line number="51" hits="0"/><line number="52" hits="0"/><line number="53" hits="0"/><line number="54" hits="0"/><line number="55" hits="0"/><line number="56" hits="0"/><line number="57" hits="0"/><line number="65" hits="59"/><line number="66" hits="59"/><line number="67" hits="4"/><line number="68" hits="7"/><line number="69" hits="6"/><line number="70" hits="7"/><line number="71" hits="7"/><line number="72" hits="7"/><line number="73" hits="7"/><line number="74" hits="7"/><line number="75" hits="7"/><line number="93" hits="147"/><line number="94" hits="441"/><line number="98" hits="524"/><line number="99" hits="1572"/></lines></class></classes></package><package name="sql_relations/src/traits" line-rate="0.5473684210526316" branch-rate="0" complexity="0"><classes><class name="authored" filename="sql_relations/src/traits/authored.rs" line-rate="0" branch-rate="0" complexity="0"><methods/><lines><line number="35" hits="0"/><line number="43" hits="0"/><line number="45" hits="0"/><line number="47" hits="0"/><line number="50" hits="0"/><line number="51" hits="0"/><line number="52" hits="0"/><line number="53" hits="0"/><line number="57" hits="0"/><line number="68" hits="0"/><line number="76" hits="0"/><line number="78" hits="0"/><line number="80" hits="0"/><line number="83" hits="0"/><line number="84" hits="0"/><line number="85" hits="0"/><line number="86" hits="0"/><line number="90" hits="0"/></lines></class><class name="most_concrete" filename="sql_relations/src/traits/most_concrete.rs" line-rate="0" branch-rate="0" complexity="0"><methods/><lines><line number="71" hits="0"/><line number="79" hits="0"/><line number="80" hits="0"/><line number="82" hits="0"/><line number="83" hits="0"/><line number="84" hits="0"/><line number="85" hits="0"/><line number="89" hits="0"/><line number="139" hits="0"/><line number="140" hits="0"/></lines></class></classes></package><package name="sql_relations/src" line-rate="0.5416666666666666" branch-rate="0" complexity="0"><classes></classes></package><package name="synql/src/traits/check_constraint" line-rate="0.11943793911007025" branch-rate="0" complexity="0"><classes><class name="sub_expressions" filename="synql/src/traits/check_constraint/sub_expressions.rs" line-rate="0.375" branch-rate="0" complexity="0"><methods/><lines><line number="11" hits="6"/><line number="12" hits="6"/><line number="13" hits="0"/><line number="14" hits="0"/><line number="15" hits="0"/><line number="16" hits="0"/><line number="18" hits="0"/><line number="19" hits="12"/></lines></class><class name="translate_expression" filename="synql/src/traits/check_constraint/translate_expression.rs" line-rate="0.11455847255369929" branch-rate="0" complexity="0"><methods/><lines><line number="28" hits="0"/><line number="29" hits="0"/><line number="30" hits="0"/><line number="38" hits="0"/><line number="39" hits="0"/><line number="40" hits="0"/><line number="41" hits="0"/><line number="42" hits="0"/><line number="43" hits="0"/><line number="44" hits="0"/><line number="45" hits="0"/><line number="56" hits="6"/><line number="66" hits="6"/><line number="67" hits="6"/><line number="68" hits="18"/><line number="69" hits="24"/><line number="71" hits="2"/><line number="72" hits="2"/><line number="73" hits="8"/><line number="75" hits="0"/><line number="76" hits="0"/><line number="77" hits="0"/><line number="78" hits="0"/><line number="79" hits="0"/><line number="80" hits="0"/><line number="81" hits="0"/><line number="85" hits="4"/><line number="86" hits="4"/><line number="87" hits="16"/><line number="88" hits="0"/><line number="91" hits="0"/><line number="95" hits="2"/><line number="96" hits="6"/><line number="99" hits="4"/><line number="105" hits="16"/><line number="106" hits="16"/><line number="107" hits="12"/><line number="108" hits="12"/><line number="109" hits="12"/><line number="110" hits="8"/><line number="111" hits="8"/><line number="112" hits="0"/><line number="113" hits="12"/><line number="114" hits="16"/><line number="116" hits="0"/><line number="117" hits="0"/><line number="118" hits="0"/><line number="119" hits="0"/><line number="120" hits="0"/><line number="125" hits="0"/><line number="126" hits="0"/><line number="127" hits="0"/><line number="128" hits="0"/><line number="132" hits="0"/><line number="133" hits="1"/><line number="134" hits="0"/><line number="135" hits="0"/><line number="139" hits="0"/><line number="140" hits="3"/><line number="141" hits="0"/><line number="146" hits="4"/><line number="147" hits="0"/><line number="148" hits="4"/><line number="149" hits="2"/><line number="150" hits="0"/><line number="151" hits="0"/><line number="152" hits="0"/><line number="153" hits="0"/><line number="158" hits="0"/><line number="159" hits="4"/><line number="160" hits="2"/><line number="161" hits="0"/><line number="162" hits="0"/><line number="163" hits="0"/><line number="164" hits="0"/><line number="169" hits="0"/><line number="170" hits="0"/><line number="171" hits="0"/><line number="172" hits="0"/><line number="173" hits="0"/><line number="174" hits="0"/><line number="175" hits="0"/><line number="180" hits="0"/><line number="181" hits="0"/><line number="182" hits="0"/><line number="183" hits="0"/><line number="184" hits="0"/><line number="185" hits="0"/><line number="186" hits="0"/><line number="191" hits="0"/><line number="192" hits="0"/><line number="193" hits="0"/><line number="194" hits="0"/><line number="195" hits="0"/><line number="196" hits="0"/><line number="197" hits="0"/><line number="202" hits="0"/><line number="208" hits="2"/><line number="214" hits="8"/><line number="215" hits="6"/><line number="216" hits="6"/><line number="217" hits="2"/><line number="218" hits="0"/><line number="219" hits="6"/><line number="220" hits="4"/><line number="222" hits="2"/><line number="223" hits="0"/><line number="224" hits="0"/><line number="231" hits="0"/><line number="232" hits="0"/><line number="233" hits="0"/><line number="234" hits="0"/><line number="235" hits="0"/><line number="236" hits="0"/><line number="237" hits="0"/><line number="238" hits="0"/><line number="243" hits="0"/><line number="244" hits="0"/><line number="245" hits="0"/><line number="246" hits="0"/><line number="247" hits="0"/><line number="248" hits="0"/><line number="249" hits="0"/><line number="250" hits="0"/><line number="255" hits="0"/><line number="256" hits="0"/><line number="257" hits="0"/><line number="258" hits="0"/><line number="259" hits="0"/><line number="260" hits="0"/><line number="261" hits="0"/><line number="262" hits="0"/><line number="267" hits="0"/><line number="268" hits="0"/><line number="269" hits="0"/><line number="270" hits="0"/><line number="271" hits="0"/><line number="272" hits="0"/><line number="273" hits="0"/><line number="274" hits="0"/><line number="279" hits="0"/><line number="286" hits="16"/><line number="287" hits="32"/><line number="300" hits="0"/><line number="301" hits="0"/><line number="302" hits="0"/><line number="303" hits="0"/><line number="316" hits="10"/><line number="317" hits="70"/><line number="318" hits="10"/><line number="319" hits="10"/><line number="320" hits="10"/><line number="326" hits="0"/><line number="331" hits="0"/><line number="332" hits="0"/><line number="333" hits="0"/><line number="334" hits="0"/><line number="335" hits="0"/><line number="338" hits="0"/><line number="340" hits="0"/><line number="343" hits="0"/><line number="351" hits="0"/><line number="356" hits="0"/><line number="357" hits="0"/><line number="360" hits="0"/><line number="363" hits="0"/><line number="369" hits="0"/><line number="374" hits="0"/><line number="375" hits="0"/><line number="376" hits="0"/><line number="377" hits="0"/><line number="378" hits="0"/><line number="379" hits="0"/><line number="380" hits="0"/><line number="382" hits="0"/><line number="387" hits="0"/><line number="392" hits="0"/><line number="393" hits="0"/><line number="394" hits="0"/><line number="397" hits="0"/><line number="398" hits="0"/><line number="405" hits="0"/><line number="418" hits="0"/><line number="421" hits="0"/><line number="424" hits="0"/><line number="427" hits="0"/><line number="430" hits="0"/><line number="433" hits="0"/><line number="436" hits="0"/><line number="438" hits="0"/><line number="439" hits="0"/><line number="440" hits="0"/><line number="441" hits="0"/><line number="442" hits="0"/><line number="443" hits="0"/><line number="444" hits="0"/><line number="446" hits="0"/><line number="450" hits="0"/><line number="451" hits="0"/><line number="452" hits="0"/><line number="453" hits="0"/><line number="454" hits="0"/><line number="457" hits="0"/><line number="459" hits="0"/><line number="460" hits="0"/><line number="461" hits="0"/><line number="464" hits="0"/><line number="465" hits="0"/><line number="466" hits="0"/><line number="467" hits="0"/><line number="468" hits="0"/><line number="469" hits="0"/><line number="473" hits="0"/><line number="474" hits="0"/><line number="475" hits="0"/><line number="476" hits="0"/><line number="477" hits="0"/><line number="481" hits="0"/><line number="486" hits="0"/><line number="487" hits="0"/><line number="503" hits="0"/><line number="508" hits="0"/><line number="509" hits="0"/><line number="510" hits="0"/><line number="511" hits="0"/><line number="512" hits="0"/><line number="513" hits="0"/><line number="515" hits="0"/><line number="530" hits="0"/><line number="535" hits="0"/><line number="536" hits="0"/><line number="537" hits="0"/><line number="538" hits="0"/><line number="539" hits="0"/><line number="540" hits="0"/><line number="548" hits="0"/><line number="549" hits="0"/><line number="569" hits="0"/><line number="574" hits="0"/><line number="580" hits="6"/><line number="581" hits="18"/><line number="582" hits="6"/><line number="585" hits="0"/><line number="587" hits="0"/><line number="591" hits="0"/><line number="592" hits="0"/><line number="599" hits="0"/><line number="604" hits="0"/><line number="605" hits="0"/><line number="606" hits="0"/><line number="607" hits="0"/><line number="609" hits="0"/><line number="610" hits="0"/><line number="611" hits="0"/><line number="614" hits="0"/><line number="616" hits="0"/><line number="617" hits="0"/><line number="618" hits="0"/><line number="619" hits="0"/><line number="621" hits="0"/><line number="622" hits="0"/><line number="624" hits="0"/><line number="625" hits="0"/><line number="626" hits="0"/><line number="627" hits="0"/><line number="628" hits="0"/><line number="629" hits="0"/><line number="630" hits="0"/><line number="631" hits="0"/><line number="632" hits="0"/><line number="634" hits="0"/><line number="637" hits="0"/><line number="638" hits="0"/><line number="639" hits="0"/><line number="640" hits="0"/><line number="641" hits="0"/><line number="642" hits="0"/><line number="643" hits="0"/><line number="644" hits="0"/><line number="647" hits="0"/><line number="648" hits="0"/><line number="649" hits="0"/><line number="650" hits="0"/><line number="651" hits="0"/><line number="653" hits="0"/><line number="654" hits="0"/><line number="655" hits="0"/><line number="656" hits="0"/><line number="657" hits="0"/><line number="658" hits="0"/><line number="659" hits="0"/><line number="661" hits="0"/><line number="662" hits="0"/><line number="668" hits="0"/><line number="669" hits="0"/><line number="670" hits="0"/><line number="671" hits="0"/><line number="672" hits="0"/><line number="673" hits="0"/><line number="676" hits="0"/><line number="677" hits="0"/><line number="678" hits="0"/><line number="679" hits="0"/><line number="680" hits="0"/><line number="682" hits="0"/><line number="683" hits="0"/><line number="684" hits="0"/><line number="685" hits="0"/><line number="686" hits="0"/><line number="687" hits="0"/><line number="688" hits="0"/><line number="690" hits="0"/><line number="691" hits="0"/><line number="697" hits="0"/><line number="698" hits="0"/><line number="699" hits="0"/><line number="700" hits="0"/><line number="701" hits="0"/><line number="702" hits="0"/><line number="703" hits="0"/><line number="704" hits="0"/><line number="705" hits="0"/><line number="706" hits="0"/><line number="707" hits="0"/><line number="708" hits="0"/><line number="709" hits="0"/><line number="710" hits="0"/><line number="716" hits="0"/><line number="717" hits="0"/><line number="718" hits="0"/><line number="719" hits="0"/><line number="720" hits="0"/><line number="721" hits="0"/><line number="722" hits="0"/><line number="726" hits="0"/><line number="727" hits="0"/><line number="729" hits="0"/><line number="730" hits="0"/><line number="731" hits="0"/><line number="734" hits="0"/><line number="735" hits="0"/><line number="736" hits="0"/><line number="737" hits="0"/><line number="738" hits="0"/><line number="739" hits="0"/><line number="740" hits="0"/><line number="741" hits="0"/><line number="747" hits="0"/><line number="748" hits="0"/><line number="749" hits="0"/><line number="750" hits="0"/><line number="751" hits="0"/><line number="752" hits="0"/><line number="753" hits="0"/><line number="754" hits="0"/><line number="756" hits="0"/><line number="757" hits="0"/><line number="759" hits="0"/><line number="760" hits="0"/><line number="762" hits="0"/><line number="763" hits="0"/><line number="765" hits="0"/><line number="766" hits="0"/><line number="771" hits="0"/><line number="772" hits="0"/><line number="774" hits="0"/><line number="775" hits="0"/><line number="776" hits="0"/><line number="787" hits="0"/><line number="792" hits="0"/><line number="793" hits="0"/><line number="794" hits="0"/><line number="796" hits="0"/><line number="797" hits="0"/><line number="798" hits="0"/><line number="799" hits="0"/><line number="806" hits="0"/><line number="808" hits="0"/><line number="809" hits="0"/><line number="811" hits="0"/><line number="812" hits="0"/><line number="813" hits="0"/><line number="816" hits="0"/><line number="818" hits="0"/><line number="819" hits="0"/><line number="821" hits="0"/><line number="822" hits="0"/><line number="823" hits="0"/><line number="827" hits="0"/><line number="828" hits="0"/><line number="830" hits="0"/><line number="831" hits="0"/><line number="833" hits="0"/><line number="834" hits="0"/><line number="835" hits="0"/><line number="839" hits="0"/><line number="840" hits="0"/><line number="841" hits="0"/><line number="842" hits="0"/><line number="849" hits="0"/><line number="851" hits="0"/><line number="852" hits="0"/><line number="854" hits="0"/><line number="855" hits="0"/><line number="856" hits="0"/><line number="859" hits="0"/><line number="861" hits="0"/><line number="862" hits="0"/><line number="864" hits="0"/><line number="865" hits="0"/><line number="866" hits="0"/><line number="870" hits="0"/><line number="871" hits="0"/><line number="873" hits="0"/><line number="874" hits="0"/><line number="876" hits="0"/><line number="877" hits="0"/><line number="878" hits="0"/><line number="882" hits="0"/></lines></class></classes></package></packages></coverage>